<?xml version="1.0" encoding="UTF-8"?>
<!-- Generated by org.testng.reporters.JUnitXMLReporter -->
<testsuite ignored="0" hostname="DESKTOP-LQCEJ8O" failures="0" tests="1" name="Test12" time="1.351" errors="0" timestamp="2021-10-16T10:31:05 IST">
  <testcase classname="TestPackage.TestClass1" name="@BeforeTest beforeTest" time="1.306">
    <failure type="java.lang.IllegalStateException" message="The path to the driver executable must be set by the webdriver.ie.driver system property; for more information, see https://github.com/SeleniumHQ/selenium/wiki/InternetExplorerDriver. The latest version can be downloaded from http://selenium-release.storage.googleapis.com/index.html">
      <![CDATA[java.lang.IllegalStateException: The path to the driver executable must be set by the webdriver.ie.driver system property; for more information, see https://github.com/SeleniumHQ/selenium/wiki/InternetExplorerDriver. The latest version can be downloaded from http://selenium-release.storage.googleapis.com/index.html
at com.google.common.base.Preconditions.checkState(Preconditions.java:847)
at org.openqa.selenium.remote.service.DriverService.findExecutable(DriverService.java:134)
at org.openqa.selenium.ie.InternetExplorerDriverService.access$000(InternetExplorerDriverService.java:35)
at org.openqa.selenium.ie.InternetExplorerDriverService$Builder.findDefaultExecutable(InternetExplorerDriverService.java:175)
at org.openqa.selenium.remote.service.DriverService$Builder.build(DriverService.java:355)
at org.openqa.selenium.ie.InternetExplorerDriver.setupService(InternetExplorerDriver.java:281)
at org.openqa.selenium.ie.InternetExplorerDriver.<init>(InternetExplorerDriver.java:211)
at org.openqa.selenium.ie.InternetExplorerDriver.<init>(InternetExplorerDriver.java:150)
at BasePackage.Base.openIeBrowser(Base.java:22)
at TestPackage.TestClass1.beforeTest(TestClass1.java:34)
... Removed 24 stack frames]]>
    </failure>
  </testcase> <!-- @BeforeTest beforeTest -->
  <testcase classname="TestPackage.TestClass1" name="@BeforeClass beforeClass" time="-1.634360465081E9">
    <skipped/>
  </testcase> <!-- @BeforeClass beforeClass -->
  <testcase classname="TestPackage.TestClass1" name="@BeforeMethod beforeMethod" time="-1.634360465085E9">
    <skipped/>
  </testcase> <!-- @BeforeMethod beforeMethod -->
  <testcase classname="TestPackage.TestClass1" name="@AfterMethod afterMethod" time="-1.634360465097E9">
    <skipped/>
  </testcase> <!-- @AfterMethod afterMethod -->
  <testcase classname="TestPackage.TestClass1" name="@AfterClass afterClass" time="-1.634360465102E9">
    <skipped/>
  </testcase> <!-- @AfterClass afterClass -->
  <testcase classname="TestPackage.TestClass1" name="@AfterTest afterTest" time="-1.634360465105E9">
    <skipped/>
  </testcase> <!-- @AfterTest afterTest -->
  <testcase classname="TestPackage.TestClass1" name="test123" time="0.0">
    <skipped/>
  </testcase> <!-- test123 -->
</testsuite> <!-- Test12 -->
