<?xml version="1.0" encoding="UTF-8"?>
<testng-results ignored="0" total="4" passed="3" failed="1" skipped="0">
  <reporter-output>
  </reporter-output>
  <suite started-at="2021-10-22T00:14:44 IST" name="Suite" finished-at="2021-10-22T00:15:12 IST" duration-ms="27894">
    <groups>
    </groups>
    <test started-at="2021-10-22T00:14:44 IST" name="Test" finished-at="2021-10-22T00:14:57 IST" duration-ms="12653">
      <class name="TestPackage.TestClass1">
        <test-method is-config="true" signature="beforeTest(java.lang.String)[pri:0, instance:TestPackage.TestClass1@28eaa59a]" started-at="2021-10-22T00:14:44 IST" name="beforeTest" finished-at="2021-10-22T00:14:46 IST" duration-ms="1530" status="PASS">
          <params>
            <param index="0">
              <value>
                <![CDATA[Chrome]]>
              </value>
            </param>
          </params>
          <reporter-output>
          </reporter-output>
        </test-method> <!-- beforeTest -->
        <test-method is-config="true" signature="beforeClass()[pri:0, instance:TestPackage.TestClass1@28eaa59a]" started-at="2021-10-22T00:14:46 IST" name="beforeClass" finished-at="2021-10-22T00:14:46 IST" duration-ms="0" status="PASS">
          <reporter-output>
          </reporter-output>
        </test-method> <!-- beforeClass -->
        <test-method is-config="true" signature="beforeMethod()[pri:0, instance:TestPackage.TestClass1@28eaa59a]" started-at="2021-10-22T00:14:46 IST" name="beforeMethod" finished-at="2021-10-22T00:14:47 IST" duration-ms="1087" status="PASS">
          <reporter-output>
          </reporter-output>
        </test-method> <!-- beforeMethod -->
        <test-method signature="test123()[pri:0, instance:TestPackage.TestClass1@28eaa59a]" started-at="2021-10-22T00:14:47 IST" name="test123" finished-at="2021-10-22T00:14:49 IST" duration-ms="2341" status="PASS">
          <reporter-output>
          </reporter-output>
        </test-method> <!-- test123 -->
        <test-method is-config="true" signature="afterMethod()[pri:0, instance:TestPackage.TestClass1@28eaa59a]" started-at="2021-10-22T00:14:49 IST" name="afterMethod" finished-at="2021-10-22T00:14:49 IST" duration-ms="1" status="PASS">
          <reporter-output>
          </reporter-output>
        </test-method> <!-- afterMethod -->
        <test-method is-config="true" signature="beforeMethod()[pri:0, instance:TestPackage.TestClass1@28eaa59a]" started-at="2021-10-22T00:14:49 IST" name="beforeMethod" finished-at="2021-10-22T00:14:50 IST" duration-ms="713" status="PASS">
          <reporter-output>
          </reporter-output>
        </test-method> <!-- beforeMethod -->
        <test-method signature="test345()[pri:0, instance:TestPackage.TestClass1@28eaa59a]" started-at="2021-10-22T00:14:50 IST" name="test345" finished-at="2021-10-22T00:14:56 IST" duration-ms="6099" status="FAIL">
          <exception class="org.openqa.selenium.StaleElementReferenceException">
            <message>
              <![CDATA[stale element reference: element is not attached to the page document
  (Session info: chrome=94.0.4606.81)
For documentation on this error, please visit: https://www.seleniumhq.org/exceptions/stale_element_reference.html
Build info: version: '3.141.59', revision: 'e82be7d358', time: '2018-11-14T08:17:03'
System info: host: 'DESKTOP-LQCEJ8O', ip: '192.168.0.106', os.name: 'Windows 10', os.arch: 'amd64', os.version: '10.0', java.version: '16.0.1'
Driver info: org.openqa.selenium.chrome.ChromeDriver
Capabilities {acceptInsecureCerts: false, browserName: chrome, browserVersion: 94.0.4606.81, chrome: {chromedriverVersion: 94.0.4606.61 (418b78f5838ed..., userDataDir: C:\Users\91957\AppData\Loca...}, goog:chromeOptions: {debuggerAddress: localhost:58726}, javascriptEnabled: true, networkConnectionEnabled: false, pageLoadStrategy: normal, platform: WINDOWS, platformName: WINDOWS, proxy: Proxy(), setWindowRect: true, strictFileInteractability: false, timeouts: {implicit: 0, pageLoad: 300000, script: 30000}, unhandledPromptBehavior: dismiss and notify, webauthn:extension:credBlob: true, webauthn:extension:largeBlob: true, webauthn:virtualAuthenticators: true}
Session ID: 619246be5b5ed02d4b228f3ca3c8278b]]>
            </message>
            <full-stacktrace>
              <![CDATA[org.openqa.selenium.StaleElementReferenceException: stale element reference: element is not attached to the page document
  (Session info: chrome=94.0.4606.81)
For documentation on this error, please visit: https://www.seleniumhq.org/exceptions/stale_element_reference.html
Build info: version: '3.141.59', revision: 'e82be7d358', time: '2018-11-14T08:17:03'
System info: host: 'DESKTOP-LQCEJ8O', ip: '192.168.0.106', os.name: 'Windows 10', os.arch: 'amd64', os.version: '10.0', java.version: '16.0.1'
Driver info: org.openqa.selenium.chrome.ChromeDriver
Capabilities {acceptInsecureCerts: false, browserName: chrome, browserVersion: 94.0.4606.81, chrome: {chromedriverVersion: 94.0.4606.61 (418b78f5838ed..., userDataDir: C:\Users\91957\AppData\Loca...}, goog:chromeOptions: {debuggerAddress: localhost:58726}, javascriptEnabled: true, networkConnectionEnabled: false, pageLoadStrategy: normal, platform: WINDOWS, platformName: WINDOWS, proxy: Proxy(), setWindowRect: true, strictFileInteractability: false, timeouts: {implicit: 0, pageLoad: 300000, script: 30000}, unhandledPromptBehavior: dismiss and notify, webauthn:extension:credBlob: true, webauthn:extension:largeBlob: true, webauthn:virtualAuthenticators: true}
Session ID: 619246be5b5ed02d4b228f3ca3c8278b
at java.base/jdk.internal.reflect.NativeConstructorAccessorImpl.newInstance0(Native Method)
at java.base/jdk.internal.reflect.NativeConstructorAccessorImpl.newInstance(NativeConstructorAccessorImpl.java:78)
at java.base/jdk.internal.reflect.DelegatingConstructorAccessorImpl.newInstance(DelegatingConstructorAccessorImpl.java:45)
at java.base/java.lang.reflect.Constructor.newInstanceWithCaller(Constructor.java:499)
at java.base/java.lang.reflect.Constructor.newInstance(Constructor.java:480)
at org.openqa.selenium.remote.http.W3CHttpResponseCodec.createException(W3CHttpResponseCodec.java:187)
at org.openqa.selenium.remote.http.W3CHttpResponseCodec.decode(W3CHttpResponseCodec.java:122)
at org.openqa.selenium.remote.http.W3CHttpResponseCodec.decode(W3CHttpResponseCodec.java:49)
at org.openqa.selenium.remote.HttpCommandExecutor.execute(HttpCommandExecutor.java:158)
at org.openqa.selenium.remote.service.DriverCommandExecutor.execute(DriverCommandExecutor.java:83)
at org.openqa.selenium.remote.RemoteWebDriver.execute(RemoteWebDriver.java:552)
at org.openqa.selenium.remote.RemoteWebElement.execute(RemoteWebElement.java:285)
at org.openqa.selenium.remote.RemoteWebElement.click(RemoteWebElement.java:84)
at java.base/jdk.internal.reflect.NativeMethodAccessorImpl.invoke0(Native Method)
at java.base/jdk.internal.reflect.NativeMethodAccessorImpl.invoke(NativeMethodAccessorImpl.java:78)
at java.base/jdk.internal.reflect.DelegatingMethodAccessorImpl.invoke(DelegatingMethodAccessorImpl.java:43)
at java.base/java.lang.reflect.Method.invoke(Method.java:567)
at org.openqa.selenium.support.pagefactory.internal.LocatingElementHandler.invoke(LocatingElementHandler.java:51)
at jdk.proxy2/jdk.proxy2.$Proxy17.click(Unknown Source)
at POMPackage.Login.loginForm(Login.java:40)
at TestPackage.TestClass1.test345(TestClass1.java:75)
at java.base/jdk.internal.reflect.NativeMethodAccessorImpl.invoke0(Native Method)
at java.base/jdk.internal.reflect.NativeMethodAccessorImpl.invoke(NativeMethodAccessorImpl.java:78)
at java.base/jdk.internal.reflect.DelegatingMethodAccessorImpl.invoke(DelegatingMethodAccessorImpl.java:43)
at java.base/java.lang.reflect.Method.invoke(Method.java:567)
at org.testng.internal.MethodInvocationHelper.invokeMethod(MethodInvocationHelper.java:133)
at org.testng.internal.TestInvoker.invokeMethod(TestInvoker.java:598)
at org.testng.internal.TestInvoker.invokeTestMethod(TestInvoker.java:173)
at org.testng.internal.MethodRunner.runInSequence(MethodRunner.java:46)
at org.testng.internal.TestInvoker$MethodInvocationAgent.invoke(TestInvoker.java:824)
at org.testng.internal.TestInvoker.invokeTestMethods(TestInvoker.java:146)
at org.testng.internal.TestMethodWorker.invokeTestMethods(TestMethodWorker.java:146)
at org.testng.internal.TestMethodWorker.run(TestMethodWorker.java:128)
at java.base/java.util.ArrayList.forEach(ArrayList.java:1511)
at org.testng.TestRunner.privateRun(TestRunner.java:794)
at org.testng.TestRunner.run(TestRunner.java:596)
at org.testng.SuiteRunner.runTest(SuiteRunner.java:377)
at org.testng.SuiteRunner.runSequentially(SuiteRunner.java:371)
at org.testng.SuiteRunner.privateRun(SuiteRunner.java:332)
at org.testng.SuiteRunner.run(SuiteRunner.java:276)
at org.testng.SuiteRunnerWorker.runSuite(SuiteRunnerWorker.java:53)
at org.testng.SuiteRunnerWorker.run(SuiteRunnerWorker.java:96)
at org.testng.TestNG.runSuitesSequentially(TestNG.java:1212)
at org.testng.TestNG.runSuitesLocally(TestNG.java:1134)
at org.testng.TestNG.runSuites(TestNG.java:1063)
at org.testng.TestNG.run(TestNG.java:1031)
at org.testng.remote.AbstractRemoteTestNG.run(AbstractRemoteTestNG.java:115)
at org.testng.remote.RemoteTestNG.initAndRun(RemoteTestNG.java:251)
at org.testng.remote.RemoteTestNG.main(RemoteTestNG.java:77)
]]>
            </full-stacktrace>
          </exception> <!-- org.openqa.selenium.StaleElementReferenceException -->
          <reporter-output>
          </reporter-output>
        </test-method> <!-- test345 -->
        <test-method is-config="true" signature="afterMethod()[pri:0, instance:TestPackage.TestClass1@28eaa59a]" started-at="2021-10-22T00:14:56 IST" name="afterMethod" finished-at="2021-10-22T00:14:56 IST" duration-ms="3" status="PASS">
          <reporter-output>
          </reporter-output>
        </test-method> <!-- afterMethod -->
        <test-method is-config="true" signature="afterClass()[pri:0, instance:TestPackage.TestClass1@28eaa59a]" started-at="2021-10-22T00:14:56 IST" name="afterClass" finished-at="2021-10-22T00:14:57 IST" duration-ms="790" status="PASS">
          <reporter-output>
          </reporter-output>
        </test-method> <!-- afterClass -->
        <test-method is-config="true" signature="afterTest()[pri:0, instance:TestPackage.TestClass1@28eaa59a]" started-at="2021-10-22T00:14:57 IST" name="afterTest" finished-at="2021-10-22T00:14:57 IST" duration-ms="0" status="PASS">
          <reporter-output>
          </reporter-output>
        </test-method> <!-- afterTest -->
      </class> <!-- TestPackage.TestClass1 -->
    </test> <!-- Test -->
    <test started-at="2021-10-22T00:14:57 IST" name="Test1" finished-at="2021-10-22T00:15:12 IST" duration-ms="15194">
      <class name="TestPackage.TestClass1">
        <test-method is-config="true" signature="beforeTest(java.lang.String)[pri:0, instance:TestPackage.TestClass1@4567f35d]" started-at="2021-10-22T00:14:57 IST" name="beforeTest" finished-at="2021-10-22T00:15:00 IST" duration-ms="3321" status="PASS">
          <params>
            <param index="0">
              <value>
                <![CDATA[firefox]]>
              </value>
            </param>
          </params>
          <reporter-output>
          </reporter-output>
        </test-method> <!-- beforeTest -->
        <test-method is-config="true" signature="beforeClass()[pri:0, instance:TestPackage.TestClass1@4567f35d]" started-at="2021-10-22T00:15:00 IST" name="beforeClass" finished-at="2021-10-22T00:15:00 IST" duration-ms="0" status="PASS">
          <reporter-output>
          </reporter-output>
        </test-method> <!-- beforeClass -->
        <test-method is-config="true" signature="beforeMethod()[pri:0, instance:TestPackage.TestClass1@4567f35d]" started-at="2021-10-22T00:15:00 IST" name="beforeMethod" finished-at="2021-10-22T00:15:01 IST" duration-ms="1320" status="PASS">
          <reporter-output>
          </reporter-output>
        </test-method> <!-- beforeMethod -->
        <test-method signature="test123()[pri:0, instance:TestPackage.TestClass1@4567f35d]" started-at="2021-10-22T00:15:01 IST" name="test123" finished-at="2021-10-22T00:15:04 IST" duration-ms="2379" status="PASS">
          <reporter-output>
          </reporter-output>
        </test-method> <!-- test123 -->
        <test-method is-config="true" signature="beforeMethod()[pri:0, instance:TestPackage.TestClass1@4567f35d]" started-at="2021-10-22T00:15:04 IST" name="beforeMethod" finished-at="2021-10-22T00:15:05 IST" duration-ms="701" status="PASS">
          <reporter-output>
          </reporter-output>
        </test-method> <!-- beforeMethod -->
        <test-method is-config="true" signature="afterMethod()[pri:0, instance:TestPackage.TestClass1@4567f35d]" started-at="2021-10-22T00:15:04 IST" name="afterMethod" finished-at="2021-10-22T00:15:04 IST" duration-ms="0" status="PASS">
          <reporter-output>
          </reporter-output>
        </test-method> <!-- afterMethod -->
        <test-method signature="test345()[pri:0, instance:TestPackage.TestClass1@4567f35d]" started-at="2021-10-22T00:15:05 IST" name="test345" finished-at="2021-10-22T00:15:10 IST" duration-ms="5563" status="PASS">
          <reporter-output>
          </reporter-output>
        </test-method> <!-- test345 -->
        <test-method is-config="true" signature="afterMethod()[pri:0, instance:TestPackage.TestClass1@4567f35d]" started-at="2021-10-22T00:15:10 IST" name="afterMethod" finished-at="2021-10-22T00:15:10 IST" duration-ms="0" status="PASS">
          <reporter-output>
          </reporter-output>
        </test-method> <!-- afterMethod -->
        <test-method is-config="true" signature="afterClass()[pri:0, instance:TestPackage.TestClass1@4567f35d]" started-at="2021-10-22T00:15:10 IST" name="afterClass" finished-at="2021-10-22T00:15:12 IST" duration-ms="1905" status="PASS">
          <reporter-output>
          </reporter-output>
        </test-method> <!-- afterClass -->
        <test-method is-config="true" signature="afterTest()[pri:0, instance:TestPackage.TestClass1@4567f35d]" started-at="2021-10-22T00:15:12 IST" name="afterTest" finished-at="2021-10-22T00:15:12 IST" duration-ms="1" status="PASS">
          <reporter-output>
          </reporter-output>
        </test-method> <!-- afterTest -->
      </class> <!-- TestPackage.TestClass1 -->
    </test> <!-- Test1 -->
  </suite> <!-- Suite -->
</testng-results>
